03-28 14-44 INFO     cuda
03-28 14-44 INFO     ####################################################################################################
03-28 14-44 INFO     Partitioning data
03-28 14-46 INFO     Data statistics: {0: {0: 165, 1: 238, 2: 244, 3: 174, 4: 100, 5: 173, 6: 131, 7: 231, 8: 227, 9: 17}, 1: {0: 124, 1: 150, 2: 209, 3: 213, 4: 153, 5: 145, 6: 152, 7: 120, 8: 212, 9: 236}, 2: {0: 106, 1: 122, 2: 203, 3: 161, 4: 220, 5: 77, 6: 149, 7: 122, 8: 139, 9: 143}, 3: {0: 226, 1: 240, 2: 203, 3: 218, 4: 192, 5: 252, 6: 162, 7: 221, 8: 17, 9: 8}, 4: {0: 198, 1: 104, 2: 193, 3: 156, 4: 113, 5: 115, 6: 230, 7: 175, 8: 185, 9: 200}, 5: {0: 208, 1: 181, 2: 144, 3: 122, 4: 226, 5: 110, 6: 271, 7: 125, 8: 129, 9: 241}, 6: {0: 187, 1: 199, 2: 161, 3: 120, 4: 169, 5: 91, 6: 115, 7: 155, 8: 148, 9: 177}, 7: {0: 126, 1: 169, 2: 170, 3: 167, 4: 146, 5: 163, 6: 330, 7: 191, 8: 191, 9: 14}, 8: {0: 145, 1: 148, 2: 168, 3: 227, 4: 152, 5: 99, 6: 143, 7: 105, 8: 175, 9: 280}, 9: {0: 179, 1: 149, 2: 156, 3: 101, 4: 102, 5: 143, 6: 203, 7: 150, 8: 88, 9: 137}, 10: {0: 214, 1: 127, 2: 180, 3: 263, 4: 129, 5: 193, 6: 183, 7: 109, 8: 194, 9: 223}, 11: {0: 209, 1: 129, 2: 272, 3: 119, 4: 163, 5: 200, 6: 201, 7: 187, 8: 139, 9: 186}, 12: {0: 156, 1: 154, 2: 117, 3: 194, 4: 237, 5: 194, 6: 125, 7: 159, 8: 136, 9: 153}, 13: {0: 143, 1: 219, 2: 71, 3: 153, 4: 140, 5: 182, 6: 167, 7: 154, 8: 164, 9: 252}, 14: {0: 160, 1: 165, 2: 112, 3: 209, 4: 190, 5: 150, 6: 95, 7: 229, 8: 125, 9: 245}, 15: {0: 217, 1: 203, 2: 195, 3: 185, 4: 185, 5: 220, 6: 223, 7: 149, 8: 194, 9: 9}, 16: {0: 147, 1: 103, 2: 202, 3: 175, 4: 195, 5: 168, 6: 186, 7: 270, 8: 256, 9: 5}, 17: {0: 159, 1: 198, 2: 181, 3: 85, 4: 103, 5: 214, 6: 159, 7: 171, 8: 159, 9: 275}, 18: {0: 95, 1: 205, 2: 94, 3: 199, 4: 156, 5: 253, 6: 84, 7: 269, 8: 181, 9: 147}, 19: {0: 192, 1: 142, 2: 157, 3: 183, 4: 187, 5: 182, 6: 150, 7: 108, 8: 180, 9: 188}, 20: {0: 241, 1: 235, 2: 163, 3: 137, 4: 105, 5: 217, 6: 181, 7: 156, 8: 213, 9: 142}, 21: {0: 197, 1: 149, 2: 128, 3: 173, 4: 116, 5: 219, 6: 117, 7: 186, 8: 210, 9: 252}, 22: {0: 131, 1: 148, 2: 116, 3: 169, 4: 198, 5: 125, 6: 124, 7: 201, 8: 212, 9: 109}, 23: {0: 165, 1: 159, 2: 182, 3: 94, 4: 69, 5: 177, 6: 122, 7: 173, 8: 172, 9: 245}, 24: {0: 158, 1: 93, 2: 111, 3: 120, 4: 144, 5: 76, 6: 159, 7: 114, 8: 150, 9: 112}, 25: {0: 188, 1: 208, 2: 173, 3: 208, 4: 158, 5: 115, 6: 101, 7: 95, 8: 126, 9: 189}, 26: {0: 133, 1: 225, 2: 106, 3: 237, 4: 230, 5: 219, 6: 217, 7: 140, 8: 148, 9: 280}, 27: {0: 120, 1: 166, 2: 150, 3: 203, 4: 251, 5: 156, 6: 182, 7: 132, 8: 167, 9: 277}, 28: {0: 194, 1: 121, 2: 222, 3: 130, 4: 254, 5: 128, 6: 182, 7: 210, 8: 135, 9: 219}, 29: {0: 202, 1: 148, 2: 229, 3: 172, 4: 198, 5: 207, 6: 111, 7: 138, 8: 242, 9: 20}}
03-28 14-46 INFO     Initializing nets
03-28 15-01 INFO     >> Global Model Train accuracy: 0.100000
03-28 15-01 INFO     >> Global Model Test accuracy: 0.100000
03-28 15-15 INFO     >> Global Model Train accuracy: 0.100000
03-28 15-15 INFO     >> Global Model Test accuracy: 0.100000
03-28 15-29 INFO     >> Global Model Train accuracy: 0.100000
03-28 15-29 INFO     >> Global Model Test accuracy: 0.100000
03-28 15-44 INFO     >> Global Model Train accuracy: 0.153260
03-28 15-44 INFO     >> Global Model Test accuracy: 0.160800
03-28 15-58 INFO     >> Global Model Train accuracy: 0.357700
03-28 15-58 INFO     >> Global Model Test accuracy: 0.384400
03-28 16-12 INFO     >> Global Model Train accuracy: 0.385300
03-28 16-12 INFO     >> Global Model Test accuracy: 0.414800
03-28 16-26 INFO     >> Global Model Train accuracy: 0.452220
03-28 16-26 INFO     >> Global Model Test accuracy: 0.480900
03-28 16-41 INFO     >> Global Model Train accuracy: 0.455100
03-28 16-41 INFO     >> Global Model Test accuracy: 0.484400
03-28 16-55 INFO     >> Global Model Train accuracy: 0.518900
03-28 16-55 INFO     >> Global Model Test accuracy: 0.545900
03-28 17-09 INFO     >> Global Model Train accuracy: 0.549880
03-28 17-09 INFO     >> Global Model Test accuracy: 0.575400
03-28 17-23 INFO     >> Global Model Train accuracy: 0.585480
03-28 17-23 INFO     >> Global Model Test accuracy: 0.608100
03-28 17-37 INFO     >> Global Model Train accuracy: 0.624220
03-28 17-37 INFO     >> Global Model Test accuracy: 0.640900
03-28 17-52 INFO     >> Global Model Train accuracy: 0.656000
03-28 17-52 INFO     >> Global Model Test accuracy: 0.664400
03-28 18-06 INFO     >> Global Model Train accuracy: 0.682720
03-28 18-06 INFO     >> Global Model Test accuracy: 0.688700
03-28 18-20 INFO     >> Global Model Train accuracy: 0.699400
03-28 18-20 INFO     >> Global Model Test accuracy: 0.706600
03-28 18-34 INFO     >> Global Model Train accuracy: 0.708860
03-28 18-34 INFO     >> Global Model Test accuracy: 0.718300
03-28 18-49 INFO     >> Global Model Train accuracy: 0.726580
03-28 18-49 INFO     >> Global Model Test accuracy: 0.731800
03-28 19-03 INFO     >> Global Model Train accuracy: 0.740240
03-28 19-03 INFO     >> Global Model Test accuracy: 0.746500
03-28 19-17 INFO     >> Global Model Train accuracy: 0.746640
03-28 19-17 INFO     >> Global Model Test accuracy: 0.753700
03-28 19-32 INFO     >> Global Model Train accuracy: 0.764840
03-28 19-32 INFO     >> Global Model Test accuracy: 0.769600
03-28 19-46 INFO     >> Global Model Train accuracy: 0.785020
03-28 19-46 INFO     >> Global Model Test accuracy: 0.789700
03-28 20-00 INFO     >> Global Model Train accuracy: 0.797200
03-28 20-00 INFO     >> Global Model Test accuracy: 0.799100
03-28 20-14 INFO     >> Global Model Train accuracy: 0.807860
03-28 20-14 INFO     >> Global Model Test accuracy: 0.812300
03-28 20-29 INFO     >> Global Model Train accuracy: 0.811580
03-28 20-29 INFO     >> Global Model Test accuracy: 0.813300
03-28 20-43 INFO     >> Global Model Train accuracy: 0.825420
03-28 20-43 INFO     >> Global Model Test accuracy: 0.824500
03-28 20-57 INFO     >> Global Model Train accuracy: 0.832340
03-28 20-57 INFO     >> Global Model Test accuracy: 0.830000
03-28 21-12 INFO     >> Global Model Train accuracy: 0.838280
03-28 21-12 INFO     >> Global Model Test accuracy: 0.833500
03-28 21-27 INFO     >> Global Model Train accuracy: 0.837720
03-28 21-27 INFO     >> Global Model Test accuracy: 0.834600
03-28 21-41 INFO     >> Global Model Train accuracy: 0.848460
03-28 21-41 INFO     >> Global Model Test accuracy: 0.842500
03-28 21-56 INFO     >> Global Model Train accuracy: 0.853520
03-28 21-56 INFO     >> Global Model Test accuracy: 0.846000
03-28 22-10 INFO     >> Global Model Train accuracy: 0.860820
03-28 22-10 INFO     >> Global Model Test accuracy: 0.850900
03-28 22-24 INFO     >> Global Model Train accuracy: 0.859060
03-28 22-24 INFO     >> Global Model Test accuracy: 0.850400
03-28 22-39 INFO     >> Global Model Train accuracy: 0.867680
03-28 22-39 INFO     >> Global Model Test accuracy: 0.858200
03-28 22-53 INFO     >> Global Model Train accuracy: 0.870480
03-28 22-53 INFO     >> Global Model Test accuracy: 0.860200
03-28 23-08 INFO     >> Global Model Train accuracy: 0.874860
03-28 23-08 INFO     >> Global Model Test accuracy: 0.863600
03-28 23-22 INFO     >> Global Model Train accuracy: 0.881720
03-28 23-22 INFO     >> Global Model Test accuracy: 0.866900
03-28 23-36 INFO     >> Global Model Train accuracy: 0.880540
03-28 23-36 INFO     >> Global Model Test accuracy: 0.868600
03-28 23-51 INFO     >> Global Model Train accuracy: 0.884780
03-28 23-51 INFO     >> Global Model Test accuracy: 0.869100
03-29 00-05 INFO     >> Global Model Train accuracy: 0.891040
03-29 00-05 INFO     >> Global Model Test accuracy: 0.873100
03-29 00-20 INFO     >> Global Model Train accuracy: 0.894120
03-29 00-20 INFO     >> Global Model Test accuracy: 0.872800
03-29 00-34 INFO     >> Global Model Train accuracy: 0.895780
03-29 00-34 INFO     >> Global Model Test accuracy: 0.876000
>> Global Model Train accuracy: 0.898080
>> Global Model Test accuracy: 0.877400
>> Global Model Train accuracy: 0.902700
>> Global Model Test accuracy: 0.880100
>> Global Model Train accuracy: 0.900300
>> Global Model Test accuracy: 0.878700
>> Global Model Train accuracy: 0.901480
>> Global Model Test accuracy: 0.879300
>> Global Model Train accuracy: 0.909200
>> Global Model Test accuracy: 0.883100
>> Global Model Train accuracy: 0.912380
>> Global Model Test accuracy: 0.886500
>> Global Model Train accuracy: 0.912220
>> Global Model Test accuracy: 0.883600
>> Global Model Train accuracy: 0.909540
>> Global Model Test accuracy: 0.881700
>> Global Model Train accuracy: 0.918180
>> Global Model Test accuracy: 0.887100