03-28 14-40 INFO     cuda
03-28 14-40 INFO     ####################################################################################################
03-28 14-40 INFO     Partitioning data
03-28 14-43 INFO     Data statistics: {0: {0: 165, 1: 238, 2: 244, 3: 174, 4: 100, 5: 173, 6: 131, 7: 231, 8: 227, 9: 17}, 1: {0: 124, 1: 150, 2: 209, 3: 213, 4: 153, 5: 145, 6: 152, 7: 120, 8: 212, 9: 236}, 2: {0: 106, 1: 122, 2: 203, 3: 161, 4: 220, 5: 77, 6: 149, 7: 122, 8: 139, 9: 143}, 3: {0: 226, 1: 240, 2: 203, 3: 218, 4: 192, 5: 252, 6: 162, 7: 221, 8: 17, 9: 8}, 4: {0: 198, 1: 104, 2: 193, 3: 156, 4: 113, 5: 115, 6: 230, 7: 175, 8: 185, 9: 200}, 5: {0: 208, 1: 181, 2: 144, 3: 122, 4: 226, 5: 110, 6: 271, 7: 125, 8: 129, 9: 241}, 6: {0: 187, 1: 199, 2: 161, 3: 120, 4: 169, 5: 91, 6: 115, 7: 155, 8: 148, 9: 177}, 7: {0: 126, 1: 169, 2: 170, 3: 167, 4: 146, 5: 163, 6: 330, 7: 191, 8: 191, 9: 14}, 8: {0: 145, 1: 148, 2: 168, 3: 227, 4: 152, 5: 99, 6: 143, 7: 105, 8: 175, 9: 280}, 9: {0: 179, 1: 149, 2: 156, 3: 101, 4: 102, 5: 143, 6: 203, 7: 150, 8: 88, 9: 137}, 10: {0: 214, 1: 127, 2: 180, 3: 263, 4: 129, 5: 193, 6: 183, 7: 109, 8: 194, 9: 223}, 11: {0: 209, 1: 129, 2: 272, 3: 119, 4: 163, 5: 200, 6: 201, 7: 187, 8: 139, 9: 186}, 12: {0: 156, 1: 154, 2: 117, 3: 194, 4: 237, 5: 194, 6: 125, 7: 159, 8: 136, 9: 153}, 13: {0: 143, 1: 219, 2: 71, 3: 153, 4: 140, 5: 182, 6: 167, 7: 154, 8: 164, 9: 252}, 14: {0: 160, 1: 165, 2: 112, 3: 209, 4: 190, 5: 150, 6: 95, 7: 229, 8: 125, 9: 245}, 15: {0: 217, 1: 203, 2: 195, 3: 185, 4: 185, 5: 220, 6: 223, 7: 149, 8: 194, 9: 9}, 16: {0: 147, 1: 103, 2: 202, 3: 175, 4: 195, 5: 168, 6: 186, 7: 270, 8: 256, 9: 5}, 17: {0: 159, 1: 198, 2: 181, 3: 85, 4: 103, 5: 214, 6: 159, 7: 171, 8: 159, 9: 275}, 18: {0: 95, 1: 205, 2: 94, 3: 199, 4: 156, 5: 253, 6: 84, 7: 269, 8: 181, 9: 147}, 19: {0: 192, 1: 142, 2: 157, 3: 183, 4: 187, 5: 182, 6: 150, 7: 108, 8: 180, 9: 188}, 20: {0: 241, 1: 235, 2: 163, 3: 137, 4: 105, 5: 217, 6: 181, 7: 156, 8: 213, 9: 142}, 21: {0: 197, 1: 149, 2: 128, 3: 173, 4: 116, 5: 219, 6: 117, 7: 186, 8: 210, 9: 252}, 22: {0: 131, 1: 148, 2: 116, 3: 169, 4: 198, 5: 125, 6: 124, 7: 201, 8: 212, 9: 109}, 23: {0: 165, 1: 159, 2: 182, 3: 94, 4: 69, 5: 177, 6: 122, 7: 173, 8: 172, 9: 245}, 24: {0: 158, 1: 93, 2: 111, 3: 120, 4: 144, 5: 76, 6: 159, 7: 114, 8: 150, 9: 112}, 25: {0: 188, 1: 208, 2: 173, 3: 208, 4: 158, 5: 115, 6: 101, 7: 95, 8: 126, 9: 189}, 26: {0: 133, 1: 225, 2: 106, 3: 237, 4: 230, 5: 219, 6: 217, 7: 140, 8: 148, 9: 280}, 27: {0: 120, 1: 166, 2: 150, 3: 203, 4: 251, 5: 156, 6: 182, 7: 132, 8: 167, 9: 277}, 28: {0: 194, 1: 121, 2: 222, 3: 130, 4: 254, 5: 128, 6: 182, 7: 210, 8: 135, 9: 219}, 29: {0: 202, 1: 148, 2: 229, 3: 172, 4: 198, 5: 207, 6: 111, 7: 138, 8: 242, 9: 20}}
03-28 14-43 INFO     Initializing nets
03-28 14-57 INFO     >> Global Model Train accuracy: 0.100000
03-28 14-57 INFO     >> Global Model Test accuracy: 0.100000
03-28 15-11 INFO     >> Global Model Train accuracy: 0.100000
03-28 15-11 INFO     >> Global Model Test accuracy: 0.100000
03-28 15-24 INFO     >> Global Model Train accuracy: 0.168120
03-28 15-24 INFO     >> Global Model Test accuracy: 0.172700
03-28 15-38 INFO     >> Global Model Train accuracy: 0.312780
03-28 15-38 INFO     >> Global Model Test accuracy: 0.334100
03-28 15-52 INFO     >> Global Model Train accuracy: 0.352280
03-28 15-52 INFO     >> Global Model Test accuracy: 0.373400
03-28 16-05 INFO     >> Global Model Train accuracy: 0.401500
03-28 16-05 INFO     >> Global Model Test accuracy: 0.427500
03-28 16-19 INFO     >> Global Model Train accuracy: 0.462980
03-28 16-19 INFO     >> Global Model Test accuracy: 0.487000
03-28 16-33 INFO     >> Global Model Train accuracy: 0.507100
03-28 16-33 INFO     >> Global Model Test accuracy: 0.530200
03-28 16-46 INFO     >> Global Model Train accuracy: 0.554860
03-28 16-46 INFO     >> Global Model Test accuracy: 0.573900
03-28 17-00 INFO     >> Global Model Train accuracy: 0.578760
03-28 17-00 INFO     >> Global Model Test accuracy: 0.600100
03-28 17-14 INFO     >> Global Model Train accuracy: 0.616760
03-28 17-14 INFO     >> Global Model Test accuracy: 0.635100
03-28 17-28 INFO     >> Global Model Train accuracy: 0.634520
03-28 17-28 INFO     >> Global Model Test accuracy: 0.654800
03-28 17-41 INFO     >> Global Model Train accuracy: 0.663780
03-28 17-41 INFO     >> Global Model Test accuracy: 0.675700
03-28 17-55 INFO     >> Global Model Train accuracy: 0.690780
03-28 17-55 INFO     >> Global Model Test accuracy: 0.699300
03-28 18-09 INFO     >> Global Model Train accuracy: 0.701680
03-28 18-09 INFO     >> Global Model Test accuracy: 0.707900
03-28 18-23 INFO     >> Global Model Train accuracy: 0.721300
03-28 18-23 INFO     >> Global Model Test accuracy: 0.721100
03-28 18-37 INFO     >> Global Model Train accuracy: 0.739180
03-28 18-37 INFO     >> Global Model Test accuracy: 0.740100
03-28 18-50 INFO     >> Global Model Train accuracy: 0.745440
03-28 18-50 INFO     >> Global Model Test accuracy: 0.744900
03-28 19-04 INFO     >> Global Model Train accuracy: 0.754560
03-28 19-04 INFO     >> Global Model Test accuracy: 0.754300
03-28 19-18 INFO     >> Global Model Train accuracy: 0.772260
03-28 19-18 INFO     >> Global Model Test accuracy: 0.768900
03-28 19-32 INFO     >> Global Model Train accuracy: 0.776060
03-28 19-32 INFO     >> Global Model Test accuracy: 0.771700
03-28 19-46 INFO     >> Global Model Train accuracy: 0.793200
03-28 19-46 INFO     >> Global Model Test accuracy: 0.785200
03-28 20-00 INFO     >> Global Model Train accuracy: 0.802240
03-28 20-00 INFO     >> Global Model Test accuracy: 0.794900
03-28 20-14 INFO     >> Global Model Train accuracy: 0.809440
03-28 20-14 INFO     >> Global Model Test accuracy: 0.805100
03-28 20-27 INFO     >> Global Model Train accuracy: 0.811700
03-28 20-27 INFO     >> Global Model Test accuracy: 0.807300
03-28 20-41 INFO     >> Global Model Train accuracy: 0.827080
03-28 20-41 INFO     >> Global Model Test accuracy: 0.820100
03-28 20-55 INFO     >> Global Model Train accuracy: 0.829800
03-28 20-55 INFO     >> Global Model Test accuracy: 0.821400
03-28 21-09 INFO     >> Global Model Train accuracy: 0.837360
03-28 21-09 INFO     >> Global Model Test accuracy: 0.828100
03-28 21-23 INFO     >> Global Model Train accuracy: 0.842400
03-28 21-23 INFO     >> Global Model Test accuracy: 0.832400
03-28 21-37 INFO     >> Global Model Train accuracy: 0.847540
03-28 21-37 INFO     >> Global Model Test accuracy: 0.835000
03-28 21-51 INFO     >> Global Model Train accuracy: 0.851780
03-28 21-51 INFO     >> Global Model Test accuracy: 0.837900
03-28 22-05 INFO     >> Global Model Train accuracy: 0.859780
03-28 22-05 INFO     >> Global Model Test accuracy: 0.844000
03-28 22-19 INFO     >> Global Model Train accuracy: 0.861980
03-28 22-19 INFO     >> Global Model Test accuracy: 0.845000
03-28 22-32 INFO     >> Global Model Train accuracy: 0.866200
03-28 22-32 INFO     >> Global Model Test accuracy: 0.849900
03-28 22-46 INFO     >> Global Model Train accuracy: 0.871320
03-28 22-46 INFO     >> Global Model Test accuracy: 0.853700
03-28 23-00 INFO     >> Global Model Train accuracy: 0.869600
03-28 23-00 INFO     >> Global Model Test accuracy: 0.849300
03-28 23-14 INFO     >> Global Model Train accuracy: 0.878360
03-28 23-14 INFO     >> Global Model Test accuracy: 0.855700
03-28 23-28 INFO     >> Global Model Train accuracy: 0.881960
03-28 23-28 INFO     >> Global Model Test accuracy: 0.859900
03-28 23-42 INFO     >> Global Model Train accuracy: 0.885660
03-28 23-42 INFO     >> Global Model Test accuracy: 0.861900
03-28 23-56 INFO     >> Global Model Train accuracy: 0.886920
03-28 23-56 INFO     >> Global Model Test accuracy: 0.861900
03-29 00-10 INFO     >> Global Model Train accuracy: 0.890200
03-29 00-10 INFO     >> Global Model Test accuracy: 0.862700
>> Global Model Train accuracy: 0.896400
>> Global Model Test accuracy: 0.867500
>> Global Model Train accuracy: 0.892400
>> Global Model Test accuracy: 0.865500
>> Global Model Train accuracy: 0.899000
>> Global Model Test accuracy: 0.868600
>> Global Model Train accuracy: 0.900080
>> Global Model Test accuracy: 0.869800
>> Global Model Train accuracy: 0.903260
>> Global Model Test accuracy: 0.871500
>> Global Model Train accuracy: 0.904900
>> Global Model Test accuracy: 0.874600
>> Global Model Train accuracy: 0.910000
>> Global Model Test accuracy: 0.876300
>> Global Model Train accuracy: 0.910840
>> Global Model Test accuracy: 0.876500
>> Global Model Train accuracy: 0.910180
>> Global Model Test accuracy: 0.874600