03-29 16-01 INFO     cuda
03-29 16-01 INFO     ####################################################################################################
03-29 16-01 INFO     Partitioning data
03-29 16-03 INFO     Data statistics: {0: {0: 165, 1: 238, 2: 244, 3: 174, 4: 100, 5: 173, 6: 131, 7: 231, 8: 227, 9: 17}, 1: {0: 124, 1: 150, 2: 209, 3: 213, 4: 153, 5: 145, 6: 152, 7: 120, 8: 212, 9: 236}, 2: {0: 106, 1: 122, 2: 203, 3: 161, 4: 220, 5: 77, 6: 149, 7: 122, 8: 139, 9: 143}, 3: {0: 226, 1: 240, 2: 203, 3: 218, 4: 192, 5: 252, 6: 162, 7: 221, 8: 17, 9: 8}, 4: {0: 198, 1: 104, 2: 193, 3: 156, 4: 113, 5: 115, 6: 230, 7: 175, 8: 185, 9: 200}, 5: {0: 208, 1: 181, 2: 144, 3: 122, 4: 226, 5: 110, 6: 271, 7: 125, 8: 129, 9: 241}, 6: {0: 187, 1: 199, 2: 161, 3: 120, 4: 169, 5: 91, 6: 115, 7: 155, 8: 148, 9: 177}, 7: {0: 126, 1: 169, 2: 170, 3: 167, 4: 146, 5: 163, 6: 330, 7: 191, 8: 191, 9: 14}, 8: {0: 145, 1: 148, 2: 168, 3: 227, 4: 152, 5: 99, 6: 143, 7: 105, 8: 175, 9: 280}, 9: {0: 179, 1: 149, 2: 156, 3: 101, 4: 102, 5: 143, 6: 203, 7: 150, 8: 88, 9: 137}, 10: {0: 214, 1: 127, 2: 180, 3: 263, 4: 129, 5: 193, 6: 183, 7: 109, 8: 194, 9: 223}, 11: {0: 209, 1: 129, 2: 272, 3: 119, 4: 163, 5: 200, 6: 201, 7: 187, 8: 139, 9: 186}, 12: {0: 156, 1: 154, 2: 117, 3: 194, 4: 237, 5: 194, 6: 125, 7: 159, 8: 136, 9: 153}, 13: {0: 143, 1: 219, 2: 71, 3: 153, 4: 140, 5: 182, 6: 167, 7: 154, 8: 164, 9: 252}, 14: {0: 160, 1: 165, 2: 112, 3: 209, 4: 190, 5: 150, 6: 95, 7: 229, 8: 125, 9: 245}, 15: {0: 217, 1: 203, 2: 195, 3: 185, 4: 185, 5: 220, 6: 223, 7: 149, 8: 194, 9: 9}, 16: {0: 147, 1: 103, 2: 202, 3: 175, 4: 195, 5: 168, 6: 186, 7: 270, 8: 256, 9: 5}, 17: {0: 159, 1: 198, 2: 181, 3: 85, 4: 103, 5: 214, 6: 159, 7: 171, 8: 159, 9: 275}, 18: {0: 95, 1: 205, 2: 94, 3: 199, 4: 156, 5: 253, 6: 84, 7: 269, 8: 181, 9: 147}, 19: {0: 192, 1: 142, 2: 157, 3: 183, 4: 187, 5: 182, 6: 150, 7: 108, 8: 180, 9: 188}, 20: {0: 241, 1: 235, 2: 163, 3: 137, 4: 105, 5: 217, 6: 181, 7: 156, 8: 213, 9: 142}, 21: {0: 197, 1: 149, 2: 128, 3: 173, 4: 116, 5: 219, 6: 117, 7: 186, 8: 210, 9: 252}, 22: {0: 131, 1: 148, 2: 116, 3: 169, 4: 198, 5: 125, 6: 124, 7: 201, 8: 212, 9: 109}, 23: {0: 165, 1: 159, 2: 182, 3: 94, 4: 69, 5: 177, 6: 122, 7: 173, 8: 172, 9: 245}, 24: {0: 158, 1: 93, 2: 111, 3: 120, 4: 144, 5: 76, 6: 159, 7: 114, 8: 150, 9: 112}, 25: {0: 188, 1: 208, 2: 173, 3: 208, 4: 158, 5: 115, 6: 101, 7: 95, 8: 126, 9: 189}, 26: {0: 133, 1: 225, 2: 106, 3: 237, 4: 230, 5: 219, 6: 217, 7: 140, 8: 148, 9: 280}, 27: {0: 120, 1: 166, 2: 150, 3: 203, 4: 251, 5: 156, 6: 182, 7: 132, 8: 167, 9: 277}, 28: {0: 194, 1: 121, 2: 222, 3: 130, 4: 254, 5: 128, 6: 182, 7: 210, 8: 135, 9: 219}, 29: {0: 202, 1: 148, 2: 229, 3: 172, 4: 198, 5: 207, 6: 111, 7: 138, 8: 242, 9: 20}}
03-29 16-03 INFO     Initializing nets
03-29 16-17 INFO     >> Global Model Train accuracy: 0.100000
03-29 16-17 INFO     >> Global Model Test accuracy: 0.100000
03-29 16-31 INFO     >> Global Model Train accuracy: 0.100000
03-29 16-31 INFO     >> Global Model Test accuracy: 0.100000
03-29 16-45 INFO     >> Global Model Train accuracy: 0.151540
03-29 16-45 INFO     >> Global Model Test accuracy: 0.158000
03-29 16-59 INFO     >> Global Model Train accuracy: 0.293740
03-29 16-59 INFO     >> Global Model Test accuracy: 0.315100
03-29 17-13 INFO     >> Global Model Train accuracy: 0.362680
03-29 17-13 INFO     >> Global Model Test accuracy: 0.389200
03-29 17-26 INFO     >> Global Model Train accuracy: 0.430840
03-29 17-26 INFO     >> Global Model Test accuracy: 0.457800
03-29 17-40 INFO     >> Global Model Train accuracy: 0.460020
03-29 17-40 INFO     >> Global Model Test accuracy: 0.485300
03-29 17-54 INFO     >> Global Model Train accuracy: 0.518440
03-29 17-54 INFO     >> Global Model Test accuracy: 0.546500
03-29 18-08 INFO     >> Global Model Train accuracy: 0.558120
03-29 18-08 INFO     >> Global Model Test accuracy: 0.579600
03-29 18-21 INFO     >> Global Model Train accuracy: 0.580100
03-29 18-21 INFO     >> Global Model Test accuracy: 0.601000
03-29 18-35 INFO     >> Global Model Train accuracy: 0.617780
03-29 18-35 INFO     >> Global Model Test accuracy: 0.634200
03-29 18-49 INFO     >> Global Model Train accuracy: 0.637600
03-29 18-49 INFO     >> Global Model Test accuracy: 0.654500
03-29 19-03 INFO     >> Global Model Train accuracy: 0.668480
03-29 19-03 INFO     >> Global Model Test accuracy: 0.677600
03-29 19-17 INFO     >> Global Model Train accuracy: 0.690460
03-29 19-17 INFO     >> Global Model Test accuracy: 0.697300
03-29 19-30 INFO     >> Global Model Train accuracy: 0.709820
03-29 19-30 INFO     >> Global Model Test accuracy: 0.714000
03-29 19-44 INFO     >> Global Model Train accuracy: 0.720560
03-29 19-44 INFO     >> Global Model Test accuracy: 0.726600
03-29 19-58 INFO     >> Global Model Train accuracy: 0.736940
03-29 19-58 INFO     >> Global Model Test accuracy: 0.741400
03-29 20-11 INFO     >> Global Model Train accuracy: 0.747180
03-29 20-11 INFO     >> Global Model Test accuracy: 0.748000
03-29 20-25 INFO     >> Global Model Train accuracy: 0.760260
03-29 20-25 INFO     >> Global Model Test accuracy: 0.757700
03-29 20-39 INFO     >> Global Model Train accuracy: 0.771840
03-29 20-39 INFO     >> Global Model Test accuracy: 0.771400
03-29 20-52 INFO     >> Global Model Train accuracy: 0.782300
03-29 20-52 INFO     >> Global Model Test accuracy: 0.775400
03-29 21-06 INFO     >> Global Model Train accuracy: 0.795900
03-29 21-06 INFO     >> Global Model Test accuracy: 0.793000
03-29 21-19 INFO     >> Global Model Train accuracy: 0.800520
03-29 21-19 INFO     >> Global Model Test accuracy: 0.796300
03-29 21-33 INFO     >> Global Model Train accuracy: 0.814640
03-29 21-33 INFO     >> Global Model Test accuracy: 0.808100
03-29 21-47 INFO     >> Global Model Train accuracy: 0.818200
03-29 21-47 INFO     >> Global Model Test accuracy: 0.810200
03-29 22-00 INFO     >> Global Model Train accuracy: 0.826260
03-29 22-00 INFO     >> Global Model Test accuracy: 0.814600
03-29 22-13 INFO     >> Global Model Train accuracy: 0.834560
03-29 22-13 INFO     >> Global Model Test accuracy: 0.823400
03-29 22-27 INFO     >> Global Model Train accuracy: 0.841780
03-29 22-27 INFO     >> Global Model Test accuracy: 0.828000
03-29 22-40 INFO     >> Global Model Train accuracy: 0.846360
03-29 22-40 INFO     >> Global Model Test accuracy: 0.831900
03-29 22-54 INFO     >> Global Model Train accuracy: 0.854480
03-29 22-54 INFO     >> Global Model Test accuracy: 0.836300
03-29 23-07 INFO     >> Global Model Train accuracy: 0.857400
03-29 23-07 INFO     >> Global Model Test accuracy: 0.839500
03-29 23-21 INFO     >> Global Model Train accuracy: 0.859400
03-29 23-21 INFO     >> Global Model Test accuracy: 0.840000
03-29 23-35 INFO     >> Global Model Train accuracy: 0.867160
03-29 23-35 INFO     >> Global Model Test accuracy: 0.848200
03-29 23-48 INFO     >> Global Model Train accuracy: 0.873600
03-29 23-48 INFO     >> Global Model Test accuracy: 0.852700
03-30 00-02 INFO     >> Global Model Train accuracy: 0.875220
03-30 00-02 INFO     >> Global Model Test accuracy: 0.853100
03-30 00-15 INFO     >> Global Model Train accuracy: 0.875200
03-30 00-15 INFO     >> Global Model Test accuracy: 0.852400
03-30 00-29 INFO     >> Global Model Train accuracy: 0.879080
03-30 00-29 INFO     >> Global Model Test accuracy: 0.858800
03-30 00-42 INFO     >> Global Model Train accuracy: 0.884760
03-30 00-42 INFO     >> Global Model Test accuracy: 0.856600
03-30 00-56 INFO     >> Global Model Train accuracy: 0.886780
03-30 00-56 INFO     >> Global Model Test accuracy: 0.858400
03-30 01-09 INFO     >> Global Model Train accuracy: 0.893200
03-30 01-09 INFO     >> Global Model Test accuracy: 0.863300
03-30 01-23 INFO     >> Global Model Train accuracy: 0.892200
03-30 01-23 INFO     >> Global Model Test accuracy: 0.862400
>> Global Model Train accuracy: 0.895500
>> Global Model Test accuracy: 0.865200
>> Global Model Train accuracy: 0.895560
>> Global Model Test accuracy: 0.866200
>> Global Model Train accuracy: 0.898680
>> Global Model Test accuracy: 0.861700
>> Global Model Train accuracy: 0.904480
>> Global Model Test accuracy: 0.869000
>> Global Model Train accuracy: 0.904720
>> Global Model Test accuracy: 0.872800
>> Global Model Train accuracy: 0.908860
>> Global Model Test accuracy: 0.873400
>> Global Model Train accuracy: 0.910720
>> Global Model Test accuracy: 0.873900
>> Global Model Train accuracy: 0.912860
>> Global Model Test accuracy: 0.875300
>> Global Model Train accuracy: 0.912120
>> Global Model Test accuracy: 0.873600