03-28 13-43 INFO     cuda
03-28 13-43 INFO     ####################################################################################################
03-28 13-43 INFO     Partitioning data
03-28 13-49 INFO     Data statistics: {0: {0: 183, 1: 218, 2: 237, 3: 175, 4: 113, 5: 175, 6: 137, 7: 206, 8: 215, 9: 41}, 1: {0: 141, 1: 149, 2: 212, 3: 206, 4: 160, 5: 146, 6: 156, 7: 129, 8: 183, 9: 232}, 2: {0: 119, 1: 120, 2: 183, 3: 169, 4: 181, 5: 85, 6: 163, 7: 129, 8: 139, 9: 154}, 3: {0: 227, 1: 213, 2: 202, 3: 209, 4: 180, 5: 253, 6: 175, 7: 198, 8: 39, 9: 43}, 4: {0: 202, 1: 115, 2: 183, 3: 160, 4: 125, 5: 120, 6: 207, 7: 176, 8: 186, 9: 195}, 5: {0: 215, 1: 165, 2: 145, 3: 139, 4: 207, 5: 122, 6: 252, 7: 148, 8: 152, 9: 212}, 6: {0: 173, 1: 201, 2: 173, 3: 147, 4: 166, 5: 94, 6: 111, 7: 166, 8: 132, 9: 159}, 7: {0: 133, 1: 167, 2: 170, 3: 173, 4: 156, 5: 173, 6: 299, 7: 174, 8: 179, 9: 43}, 8: {0: 151, 1: 168, 2: 169, 3: 208, 4: 160, 5: 113, 6: 150, 7: 123, 8: 159, 9: 241}, 9: {0: 171, 1: 142, 2: 159, 3: 110, 4: 112, 5: 129, 6: 191, 7: 154, 8: 106, 9: 134}, 10: {0: 210, 1: 138, 2: 170, 3: 238, 4: 135, 5: 194, 6: 193, 7: 131, 8: 192, 9: 214}, 11: {0: 213, 1: 130, 2: 264, 3: 133, 4: 177, 5: 197, 6: 190, 7: 184, 8: 141, 9: 176}, 12: {0: 141, 1: 154, 2: 131, 3: 198, 4: 227, 5: 176, 6: 137, 7: 161, 8: 147, 9: 153}, 13: {0: 159, 1: 205, 2: 87, 3: 166, 4: 156, 5: 163, 6: 158, 7: 159, 8: 160, 9: 232}, 14: {0: 160, 1: 166, 2: 127, 3: 217, 4: 174, 5: 149, 6: 115, 7: 202, 8: 132, 9: 238}, 15: {0: 217, 1: 196, 2: 192, 3: 187, 4: 191, 5: 202, 6: 226, 7: 136, 8: 180, 9: 53}, 16: {0: 153, 1: 114, 2: 215, 3: 184, 4: 191, 5: 167, 6: 169, 7: 250, 8: 229, 9: 35}, 17: {0: 150, 1: 191, 2: 192, 3: 96, 4: 121, 5: 207, 6: 163, 7: 163, 8: 150, 9: 271}, 18: {0: 108, 1: 194, 2: 96, 3: 172, 4: 155, 5: 236, 6: 115, 7: 249, 8: 188, 9: 170}, 19: {0: 187, 1: 158, 2: 177, 3: 169, 4: 188, 5: 171, 6: 143, 7: 108, 8: 181, 9: 187}, 20: {0: 239, 1: 225, 2: 176, 3: 142, 4: 123, 5: 191, 6: 189, 7: 155, 8: 218, 9: 132}, 21: {0: 198, 1: 145, 2: 140, 3: 175, 4: 131, 5: 208, 6: 137, 7: 176, 8: 202, 9: 235}, 22: {0: 147, 1: 136, 2: 104, 3: 186, 4: 197, 5: 130, 6: 132, 7: 206, 8: 172, 9: 123}, 23: {0: 168, 1: 163, 2: 182, 3: 118, 4: 73, 5: 164, 6: 130, 7: 165, 8: 176, 9: 219}, 24: {0: 145, 1: 83, 2: 121, 3: 119, 4: 157, 5: 78, 6: 149, 7: 121, 8: 156, 9: 108}, 25: {0: 191, 1: 188, 2: 166, 3: 196, 4: 154, 5: 130, 6: 115, 7: 112, 8: 125, 9: 184}, 26: {0: 159, 1: 200, 2: 121, 3: 235, 4: 234, 5: 213, 6: 220, 7: 147, 8: 173, 9: 233}, 27: {0: 151, 1: 175, 2: 154, 3: 182, 4: 232, 5: 156, 6: 200, 7: 136, 8: 158, 9: 260}, 28: {0: 195, 1: 125, 2: 211, 3: 138, 4: 237, 5: 154, 6: 183, 7: 205, 8: 132, 9: 215}, 29: {0: 199, 1: 155, 2: 217, 3: 175, 4: 197, 5: 193, 6: 129, 7: 142, 8: 222, 9: 38}}
03-28 13-49 INFO     Initializing nets
03-28 14-03 INFO     >> Global Model Train accuracy: 0.100000
03-28 14-03 INFO     >> Global Model Test accuracy: 0.100000
03-28 14-17 INFO     >> Global Model Train accuracy: 0.100000
03-28 14-17 INFO     >> Global Model Test accuracy: 0.100000
03-28 14-31 INFO     >> Global Model Train accuracy: 0.109280
03-28 14-31 INFO     >> Global Model Test accuracy: 0.111300
03-28 14-45 INFO     >> Global Model Train accuracy: 0.207540
03-28 14-45 INFO     >> Global Model Test accuracy: 0.225000
03-28 14-59 INFO     >> Global Model Train accuracy: 0.335660
03-28 14-59 INFO     >> Global Model Test accuracy: 0.365400
03-28 15-13 INFO     >> Global Model Train accuracy: 0.363960
03-28 15-13 INFO     >> Global Model Test accuracy: 0.390700
03-28 15-26 INFO     >> Global Model Train accuracy: 0.423300
03-28 15-26 INFO     >> Global Model Test accuracy: 0.449900
03-28 15-40 INFO     >> Global Model Train accuracy: 0.438300
03-28 15-40 INFO     >> Global Model Test accuracy: 0.464500
03-28 15-54 INFO     >> Global Model Train accuracy: 0.449220
03-28 15-54 INFO     >> Global Model Test accuracy: 0.474100
03-28 16-08 INFO     >> Global Model Train accuracy: 0.499800
03-28 16-08 INFO     >> Global Model Test accuracy: 0.521500
03-28 16-21 INFO     >> Global Model Train accuracy: 0.525560
03-28 16-21 INFO     >> Global Model Test accuracy: 0.547000
03-28 16-35 INFO     >> Global Model Train accuracy: 0.424320
03-28 16-35 INFO     >> Global Model Test accuracy: 0.450900
03-28 16-49 INFO     >> Global Model Train accuracy: 0.566580
03-28 16-49 INFO     >> Global Model Test accuracy: 0.580700
03-28 17-03 INFO     >> Global Model Train accuracy: 0.587020
03-28 17-03 INFO     >> Global Model Test accuracy: 0.601700
03-28 17-17 INFO     >> Global Model Train accuracy: 0.598660
03-28 17-17 INFO     >> Global Model Test accuracy: 0.614900
03-28 17-30 INFO     >> Global Model Train accuracy: 0.617360
03-28 17-30 INFO     >> Global Model Test accuracy: 0.630200
03-28 17-44 INFO     >> Global Model Train accuracy: 0.635660
03-28 17-44 INFO     >> Global Model Test accuracy: 0.646500
03-28 17-58 INFO     >> Global Model Train accuracy: 0.656940
03-28 17-58 INFO     >> Global Model Test accuracy: 0.663900
03-28 18-12 INFO     >> Global Model Train accuracy: 0.663180
03-28 18-12 INFO     >> Global Model Test accuracy: 0.666500
03-28 18-26 INFO     >> Global Model Train accuracy: 0.681340
03-28 18-26 INFO     >> Global Model Test accuracy: 0.683300
03-28 18-40 INFO     >> Global Model Train accuracy: 0.689800
03-28 18-40 INFO     >> Global Model Test accuracy: 0.690200
03-28 18-54 INFO     >> Global Model Train accuracy: 0.705020
03-28 18-54 INFO     >> Global Model Test accuracy: 0.704200
03-28 19-08 INFO     >> Global Model Train accuracy: 0.711700
03-28 19-08 INFO     >> Global Model Test accuracy: 0.708500
03-28 19-21 INFO     >> Global Model Train accuracy: 0.724620
03-28 19-21 INFO     >> Global Model Test accuracy: 0.719500
03-28 19-35 INFO     >> Global Model Train accuracy: 0.730240
03-28 19-35 INFO     >> Global Model Test accuracy: 0.721900
03-28 19-49 INFO     >> Global Model Train accuracy: 0.741640
03-28 19-49 INFO     >> Global Model Test accuracy: 0.730800
03-28 20-03 INFO     >> Global Model Train accuracy: 0.744700
03-28 20-03 INFO     >> Global Model Test accuracy: 0.735700
03-28 20-17 INFO     >> Global Model Train accuracy: 0.754780
03-28 20-17 INFO     >> Global Model Test accuracy: 0.742100
03-28 20-31 INFO     >> Global Model Train accuracy: 0.759420
03-28 20-31 INFO     >> Global Model Test accuracy: 0.745200
03-28 20-45 INFO     >> Global Model Train accuracy: 0.762640
03-28 20-45 INFO     >> Global Model Test accuracy: 0.750300
03-28 20-59 INFO     >> Global Model Train accuracy: 0.769160
03-28 20-59 INFO     >> Global Model Test accuracy: 0.752800
03-28 21-12 INFO     >> Global Model Train accuracy: 0.772340
03-28 21-12 INFO     >> Global Model Test accuracy: 0.756700
03-28 21-26 INFO     >> Global Model Train accuracy: 0.778740
03-28 21-26 INFO     >> Global Model Test accuracy: 0.759300
03-28 21-41 INFO     >> Global Model Train accuracy: 0.785300
03-28 21-41 INFO     >> Global Model Test accuracy: 0.763300
03-28 21-54 INFO     >> Global Model Train accuracy: 0.785480
03-28 21-54 INFO     >> Global Model Test accuracy: 0.766000
03-28 22-08 INFO     >> Global Model Train accuracy: 0.790640
03-28 22-08 INFO     >> Global Model Test accuracy: 0.768100
03-28 22-22 INFO     >> Global Model Train accuracy: 0.794000
03-28 22-22 INFO     >> Global Model Test accuracy: 0.768100
03-28 22-36 INFO     >> Global Model Train accuracy: 0.799080
03-28 22-36 INFO     >> Global Model Test accuracy: 0.776000
03-28 22-51 INFO     >> Global Model Train accuracy: 0.797820
03-28 22-51 INFO     >> Global Model Test accuracy: 0.773100
03-28 23-05 INFO     >> Global Model Train accuracy: 0.806860
03-28 23-05 INFO     >> Global Model Test accuracy: 0.778200
03-28 23-18 INFO     >> Global Model Train accuracy: 0.807180
03-28 23-18 INFO     >> Global Model Test accuracy: 0.774700
>> Global Model Train accuracy: 0.808820
>> Global Model Test accuracy: 0.779900
>> Global Model Train accuracy: 0.812900
>> Global Model Test accuracy: 0.782400
>> Global Model Train accuracy: 0.812860
>> Global Model Test accuracy: 0.782500
>> Global Model Train accuracy: 0.817960
>> Global Model Test accuracy: 0.780800
>> Global Model Train accuracy: 0.819360
>> Global Model Test accuracy: 0.784300
>> Global Model Train accuracy: 0.822040
>> Global Model Test accuracy: 0.782800
>> Global Model Train accuracy: 0.825060
>> Global Model Test accuracy: 0.782700
>> Global Model Train accuracy: 0.829640
>> Global Model Test accuracy: 0.783100
>> Global Model Train accuracy: 0.827860
>> Global Model Test accuracy: 0.785000