03-31 03-44 INFO     cuda
03-31 03-44 INFO     ####################################################################################################
03-31 03-44 INFO     Partitioning data
03-31 03-52 INFO     Data statistics: {0: {0: 192, 1: 209, 2: 234, 3: 181, 4: 118, 5: 171, 6: 138, 7: 201, 8: 205, 9: 51}, 1: {0: 138, 1: 156, 2: 198, 3: 211, 4: 152, 5: 135, 6: 170, 7: 139, 8: 176, 9: 239}, 2: {0: 130, 1: 133, 2: 189, 3: 144, 4: 192, 5: 94, 6: 164, 7: 129, 8: 133, 9: 134}, 3: {0: 208, 1: 203, 2: 208, 3: 204, 4: 190, 5: 229, 6: 165, 7: 217, 8: 58, 9: 57}, 4: {0: 197, 1: 119, 2: 186, 3: 182, 4: 128, 5: 124, 6: 199, 7: 182, 8: 181, 9: 171}, 5: {0: 213, 1: 164, 2: 157, 3: 151, 4: 199, 5: 131, 6: 225, 7: 155, 8: 131, 9: 231}, 6: {0: 199, 1: 183, 2: 178, 3: 142, 4: 153, 5: 88, 6: 131, 7: 158, 8: 139, 9: 151}, 7: {0: 148, 1: 150, 2: 182, 3: 159, 4: 154, 5: 167, 6: 292, 7: 165, 8: 190, 9: 60}, 8: {0: 145, 1: 156, 2: 167, 3: 213, 4: 172, 5: 117, 6: 153, 7: 119, 8: 161, 9: 239}, 9: {0: 150, 1: 131, 2: 166, 3: 136, 4: 115, 5: 131, 6: 181, 7: 145, 8: 103, 9: 150}, 10: {0: 219, 1: 141, 2: 182, 3: 241, 4: 133, 5: 176, 6: 176, 7: 142, 8: 195, 9: 210}, 11: {0: 217, 1: 127, 2: 254, 3: 150, 4: 171, 5: 184, 6: 185, 7: 172, 8: 146, 9: 199}, 12: {0: 159, 1: 154, 2: 145, 3: 196, 4: 206, 5: 184, 6: 142, 7: 153, 8: 146, 9: 140}, 13: {0: 160, 1: 211, 2: 99, 3: 154, 4: 148, 5: 161, 6: 166, 7: 151, 8: 163, 9: 232}, 14: {0: 158, 1: 172, 2: 143, 3: 186, 4: 199, 5: 149, 6: 121, 7: 190, 8: 129, 9: 233}, 15: {0: 231, 1: 174, 2: 219, 3: 187, 4: 182, 5: 191, 6: 222, 7: 159, 8: 166, 9: 49}, 16: {0: 173, 1: 113, 2: 202, 3: 170, 4: 189, 5: 174, 6: 163, 7: 241, 8: 226, 9: 56}, 17: {0: 149, 1: 183, 2: 177, 3: 129, 4: 115, 5: 205, 6: 167, 7: 171, 8: 153, 9: 255}, 18: {0: 121, 1: 179, 2: 111, 3: 176, 4: 181, 5: 214, 6: 125, 7: 236, 8: 177, 9: 163}, 19: {0: 192, 1: 152, 2: 148, 3: 185, 4: 197, 5: 183, 6: 142, 7: 119, 8: 176, 9: 175}, 20: {0: 232, 1: 219, 2: 165, 3: 155, 4: 118, 5: 192, 6: 192, 7: 158, 8: 212, 9: 147}, 21: {0: 193, 1: 148, 2: 142, 3: 188, 4: 133, 5: 195, 6: 143, 7: 190, 8: 176, 9: 239}, 22: {0: 147, 1: 147, 2: 121, 3: 172, 4: 175, 5: 122, 6: 144, 7: 182, 8: 205, 9: 118}, 23: {0: 179, 1: 155, 2: 188, 3: 127, 4: 80, 5: 158, 6: 134, 7: 174, 8: 161, 9: 202}, 24: {0: 138, 1: 101, 2: 127, 3: 125, 4: 138, 5: 84, 6: 152, 7: 113, 8: 139, 9: 120}, 25: {0: 197, 1: 186, 2: 182, 3: 193, 4: 156, 5: 126, 6: 115, 7: 108, 8: 134, 9: 164}, 26: {0: 150, 1: 209, 2: 148, 3: 236, 4: 217, 5: 211, 6: 222, 7: 145, 8: 160, 9: 237}, 27: {0: 161, 1: 171, 2: 160, 3: 169, 4: 241, 5: 165, 6: 186, 7: 134, 8: 176, 9: 241}, 28: {0: 204, 1: 118, 2: 222, 3: 133, 4: 235, 5: 137, 6: 182, 7: 208, 8: 147, 9: 209}, 29: {0: 192, 1: 139, 2: 219, 3: 193, 4: 196, 5: 174, 6: 132, 7: 131, 8: 229, 9: 62}}
03-31 03-52 INFO     Initializing nets
03-31 04-06 INFO     >> Global Model Train accuracy: 0.100000
03-31 04-06 INFO     >> Global Model Test accuracy: 0.100000
03-31 04-20 INFO     >> Global Model Train accuracy: 0.100000
03-31 04-20 INFO     >> Global Model Test accuracy: 0.100000
03-31 04-34 INFO     >> Global Model Train accuracy: 0.114160
03-31 04-34 INFO     >> Global Model Test accuracy: 0.115300
03-31 04-48 INFO     >> Global Model Train accuracy: 0.151120
03-31 04-48 INFO     >> Global Model Test accuracy: 0.153800
03-31 05-03 INFO     >> Global Model Train accuracy: 0.272980
03-31 05-03 INFO     >> Global Model Test accuracy: 0.292400
03-31 05-17 INFO     >> Global Model Train accuracy: 0.320440
03-31 05-17 INFO     >> Global Model Test accuracy: 0.347400
03-31 05-31 INFO     >> Global Model Train accuracy: 0.328380
03-31 05-31 INFO     >> Global Model Test accuracy: 0.348600
03-31 05-45 INFO     >> Global Model Train accuracy: 0.380760
03-31 05-45 INFO     >> Global Model Test accuracy: 0.402000
03-31 05-59 INFO     >> Global Model Train accuracy: 0.392000
03-31 05-59 INFO     >> Global Model Test accuracy: 0.415900
03-31 06-13 INFO     >> Global Model Train accuracy: 0.394020
03-31 06-13 INFO     >> Global Model Test accuracy: 0.417300
03-31 06-27 INFO     >> Global Model Train accuracy: 0.448620
03-31 06-27 INFO     >> Global Model Test accuracy: 0.469600
03-31 06-42 INFO     >> Global Model Train accuracy: 0.484640
03-31 06-42 INFO     >> Global Model Test accuracy: 0.506900
03-31 06-56 INFO     >> Global Model Train accuracy: 0.499380
03-31 06-56 INFO     >> Global Model Test accuracy: 0.522900
03-31 07-10 INFO     >> Global Model Train accuracy: 0.528260
03-31 07-10 INFO     >> Global Model Test accuracy: 0.549500
03-31 07-24 INFO     >> Global Model Train accuracy: 0.542120
03-31 07-24 INFO     >> Global Model Test accuracy: 0.563300
03-31 07-38 INFO     >> Global Model Train accuracy: 0.557960
03-31 07-38 INFO     >> Global Model Test accuracy: 0.577500
03-31 07-51 INFO     >> Global Model Train accuracy: 0.574100
03-31 07-51 INFO     >> Global Model Test accuracy: 0.594800
03-31 08-05 INFO     >> Global Model Train accuracy: 0.597420
03-31 08-05 INFO     >> Global Model Test accuracy: 0.617100
03-31 08-19 INFO     >> Global Model Train accuracy: 0.612040
03-31 08-19 INFO     >> Global Model Test accuracy: 0.630900
03-31 08-33 INFO     >> Global Model Train accuracy: 0.636600
03-31 08-33 INFO     >> Global Model Test accuracy: 0.649300
03-31 08-47 INFO     >> Global Model Train accuracy: 0.655280
03-31 08-47 INFO     >> Global Model Test accuracy: 0.670200
03-31 09-01 INFO     >> Global Model Train accuracy: 0.663340
03-31 09-01 INFO     >> Global Model Test accuracy: 0.680000
03-31 09-16 INFO     >> Global Model Train accuracy: 0.681200
03-31 09-16 INFO     >> Global Model Test accuracy: 0.688800
03-31 09-30 INFO     >> Global Model Train accuracy: 0.690020
03-31 09-30 INFO     >> Global Model Test accuracy: 0.696800
03-31 09-44 INFO     >> Global Model Train accuracy: 0.702260
03-31 09-44 INFO     >> Global Model Test accuracy: 0.706900
03-31 09-58 INFO     >> Global Model Train accuracy: 0.712540
03-31 09-58 INFO     >> Global Model Test accuracy: 0.714300
03-31 10-12 INFO     >> Global Model Train accuracy: 0.718420
03-31 10-12 INFO     >> Global Model Test accuracy: 0.718900
03-31 10-26 INFO     >> Global Model Train accuracy: 0.727520
03-31 10-26 INFO     >> Global Model Test accuracy: 0.725900
03-31 10-40 INFO     >> Global Model Train accuracy: 0.737100
03-31 10-40 INFO     >> Global Model Test accuracy: 0.734000
03-31 10-54 INFO     >> Global Model Train accuracy: 0.740000
03-31 10-54 INFO     >> Global Model Test accuracy: 0.734500
03-31 11-08 INFO     >> Global Model Train accuracy: 0.743560
03-31 11-08 INFO     >> Global Model Test accuracy: 0.737800
03-31 11-22 INFO     >> Global Model Train accuracy: 0.755020
03-31 11-22 INFO     >> Global Model Test accuracy: 0.750100
03-31 11-36 INFO     >> Global Model Train accuracy: 0.761120
03-31 11-36 INFO     >> Global Model Test accuracy: 0.752100
03-31 11-50 INFO     >> Global Model Train accuracy: 0.763460
03-31 11-50 INFO     >> Global Model Test accuracy: 0.757900
03-31 12-04 INFO     >> Global Model Train accuracy: 0.772500
03-31 12-04 INFO     >> Global Model Test accuracy: 0.761800
03-31 12-18 INFO     >> Global Model Train accuracy: 0.774740
03-31 12-18 INFO     >> Global Model Test accuracy: 0.765300
03-31 12-32 INFO     >> Global Model Train accuracy: 0.779520
03-31 12-32 INFO     >> Global Model Test accuracy: 0.766500
03-31 12-46 INFO     >> Global Model Train accuracy: 0.786260
03-31 12-46 INFO     >> Global Model Test accuracy: 0.771400
03-31 13-01 INFO     >> Global Model Train accuracy: 0.786720
03-31 13-01 INFO     >> Global Model Test accuracy: 0.767800
03-31 13-15 INFO     >> Global Model Train accuracy: 0.793240
03-31 13-15 INFO     >> Global Model Test accuracy: 0.775900
03-31 13-29 INFO     >> Global Model Train accuracy: 0.792640
03-31 13-29 INFO     >> Global Model Test accuracy: 0.775500
>> Global Model Train accuracy: 0.795620
>> Global Model Test accuracy: 0.780500
>> Global Model Train accuracy: 0.800180
>> Global Model Test accuracy: 0.781400
>> Global Model Train accuracy: 0.801560
>> Global Model Test accuracy: 0.780500
>> Global Model Train accuracy: 0.799660
>> Global Model Test accuracy: 0.778700
>> Global Model Train accuracy: 0.801420
>> Global Model Test accuracy: 0.780600
>> Global Model Train accuracy: 0.810120
>> Global Model Test accuracy: 0.785000
>> Global Model Train accuracy: 0.809820
>> Global Model Test accuracy: 0.787800
>> Global Model Train accuracy: 0.811580
>> Global Model Test accuracy: 0.786600
>> Global Model Train accuracy: 0.814520
>> Global Model Test accuracy: 0.790700