03-30 04-33 INFO     cuda
03-30 04-33 INFO     ####################################################################################################
03-30 04-33 INFO     Partitioning data
03-30 04-38 INFO     Data statistics: {0: {0: 170, 1: 225, 2: 240, 3: 177, 4: 108, 5: 166, 6: 138, 7: 227, 8: 219, 9: 30}, 1: {0: 139, 1: 158, 2: 210, 3: 204, 4: 148, 5: 162, 6: 151, 7: 119, 8: 194, 9: 229}, 2: {0: 103, 1: 128, 2: 199, 3: 161, 4: 210, 5: 82, 6: 153, 7: 121, 8: 140, 9: 145}, 3: {0: 231, 1: 216, 2: 198, 3: 215, 4: 179, 5: 249, 6: 171, 7: 211, 8: 38, 9: 31}, 4: {0: 213, 1: 114, 2: 179, 3: 161, 4: 107, 5: 117, 6: 225, 7: 180, 8: 185, 9: 188}, 5: {0: 210, 1: 175, 2: 147, 3: 121, 4: 216, 5: 123, 6: 273, 7: 126, 8: 132, 9: 234}, 6: {0: 180, 1: 195, 2: 165, 3: 130, 4: 164, 5: 97, 6: 113, 7: 162, 8: 143, 9: 173}, 7: {0: 122, 1: 174, 2: 178, 3: 159, 4: 153, 5: 158, 6: 326, 7: 180, 8: 191, 9: 26}, 8: {0: 152, 1: 152, 2: 160, 3: 224, 4: 155, 5: 101, 6: 154, 7: 104, 8: 183, 9: 257}, 9: {0: 169, 1: 152, 2: 165, 3: 113, 4: 101, 5: 143, 6: 191, 7: 155, 8: 92, 9: 127}, 10: {0: 212, 1: 128, 2: 177, 3: 261, 4: 136, 5: 187, 6: 173, 7: 122, 8: 198, 9: 221}, 11: {0: 220, 1: 133, 2: 261, 3: 130, 4: 163, 5: 193, 6: 202, 7: 178, 8: 136, 9: 189}, 12: {0: 169, 1: 150, 2: 126, 3: 198, 4: 232, 5: 196, 6: 123, 7: 155, 8: 130, 9: 146}, 13: {0: 151, 1: 201, 2: 91, 3: 152, 4: 151, 5: 164, 6: 171, 7: 159, 8: 171, 9: 234}, 14: {0: 162, 1: 160, 2: 124, 3: 200, 4: 198, 5: 143, 6: 102, 7: 219, 8: 130, 9: 242}, 15: {0: 222, 1: 197, 2: 199, 3: 168, 4: 181, 5: 223, 6: 234, 7: 149, 8: 174, 9: 33}, 16: {0: 134, 1: 107, 2: 215, 3: 166, 4: 202, 5: 168, 6: 186, 7: 267, 8: 241, 9: 21}, 17: {0: 154, 1: 204, 2: 188, 3: 90, 4: 122, 5: 217, 6: 165, 7: 159, 8: 133, 9: 272}, 18: {0: 89, 1: 198, 2: 96, 3: 198, 4: 154, 5: 234, 6: 108, 7: 264, 8: 175, 9: 167}, 19: {0: 197, 1: 149, 2: 152, 3: 185, 4: 194, 5: 173, 6: 150, 7: 106, 8: 171, 9: 192}, 20: {0: 238, 1: 231, 2: 167, 3: 126, 4: 116, 5: 208, 6: 181, 7: 162, 8: 216, 9: 145}, 21: {0: 201, 1: 140, 2: 155, 3: 175, 4: 115, 5: 207, 6: 127, 7: 176, 8: 208, 9: 243}, 22: {0: 126, 1: 145, 2: 117, 3: 170, 4: 195, 5: 125, 6: 132, 7: 206, 8: 196, 9: 121}, 23: {0: 179, 1: 160, 2: 191, 3: 111, 4: 77, 5: 162, 6: 125, 7: 166, 8: 161, 9: 226}, 24: {0: 151, 1: 89, 2: 118, 3: 124, 4: 140, 5: 80, 6: 157, 7: 108, 8: 153, 9: 117}, 25: {0: 177, 1: 201, 2: 183, 3: 208, 4: 152, 5: 115, 6: 104, 7: 110, 8: 122, 9: 189}, 26: {0: 131, 1: 232, 2: 118, 3: 222, 4: 238, 5: 213, 6: 221, 7: 146, 8: 139, 9: 275}, 27: {0: 136, 1: 162, 2: 149, 3: 186, 4: 248, 5: 158, 6: 189, 7: 126, 8: 170, 9: 280}, 28: {0: 193, 1: 138, 2: 211, 3: 130, 4: 245, 5: 143, 6: 182, 7: 203, 8: 123, 9: 227}, 29: {0: 194, 1: 142, 2: 231, 3: 175, 4: 199, 5: 200, 6: 133, 7: 129, 8: 232, 9: 32}}
03-30 04-38 INFO     Initializing nets
03-30 04-53 INFO     >> Global Model Train accuracy: 0.100000
03-30 04-53 INFO     >> Global Model Test accuracy: 0.100000
03-30 05-07 INFO     >> Global Model Train accuracy: 0.105260
03-30 05-07 INFO     >> Global Model Test accuracy: 0.106500
03-30 05-21 INFO     >> Global Model Train accuracy: 0.136560
03-30 05-21 INFO     >> Global Model Test accuracy: 0.137100
03-30 05-34 INFO     >> Global Model Train accuracy: 0.302200
03-30 05-34 INFO     >> Global Model Test accuracy: 0.324100
03-30 05-48 INFO     >> Global Model Train accuracy: 0.368360
03-30 05-48 INFO     >> Global Model Test accuracy: 0.400500
03-30 06-02 INFO     >> Global Model Train accuracy: 0.397080
03-30 06-02 INFO     >> Global Model Test accuracy: 0.424300
03-30 06-16 INFO     >> Global Model Train accuracy: 0.425460
03-30 06-16 INFO     >> Global Model Test accuracy: 0.454500
03-30 06-30 INFO     >> Global Model Train accuracy: 0.482480
03-30 06-30 INFO     >> Global Model Test accuracy: 0.507800
03-30 06-44 INFO     >> Global Model Train accuracy: 0.491840
03-30 06-44 INFO     >> Global Model Test accuracy: 0.518500
03-30 06-57 INFO     >> Global Model Train accuracy: 0.546940
03-30 06-57 INFO     >> Global Model Test accuracy: 0.575100
03-30 07-11 INFO     >> Global Model Train accuracy: 0.568080
03-30 07-11 INFO     >> Global Model Test accuracy: 0.593600
03-30 07-24 INFO     >> Global Model Train accuracy: 0.595540
03-30 07-24 INFO     >> Global Model Test accuracy: 0.613500
03-30 07-38 INFO     >> Global Model Train accuracy: 0.598660
03-30 07-38 INFO     >> Global Model Test accuracy: 0.619000
03-30 07-51 INFO     >> Global Model Train accuracy: 0.648340
03-30 07-51 INFO     >> Global Model Test accuracy: 0.661100
03-30 08-05 INFO     >> Global Model Train accuracy: 0.668240
03-30 08-05 INFO     >> Global Model Test accuracy: 0.673900
03-30 08-18 INFO     >> Global Model Train accuracy: 0.686480
03-30 08-18 INFO     >> Global Model Test accuracy: 0.691400
03-30 08-32 INFO     >> Global Model Train accuracy: 0.698780
03-30 08-32 INFO     >> Global Model Test accuracy: 0.704200
03-30 08-45 INFO     >> Global Model Train accuracy: 0.707120
03-30 08-45 INFO     >> Global Model Test accuracy: 0.714300
03-30 08-59 INFO     >> Global Model Train accuracy: 0.730420
03-30 08-59 INFO     >> Global Model Test accuracy: 0.734300
03-30 09-12 INFO     >> Global Model Train accuracy: 0.735760
03-30 09-12 INFO     >> Global Model Test accuracy: 0.738900
03-30 09-26 INFO     >> Global Model Train accuracy: 0.729280
03-30 09-26 INFO     >> Global Model Test accuracy: 0.737000
03-30 09-39 INFO     >> Global Model Train accuracy: 0.761440
03-30 09-39 INFO     >> Global Model Test accuracy: 0.760300
03-30 09-53 INFO     >> Global Model Train accuracy: 0.776160
03-30 09-53 INFO     >> Global Model Test accuracy: 0.770800
03-30 10-07 INFO     >> Global Model Train accuracy: 0.784020
03-30 10-07 INFO     >> Global Model Test accuracy: 0.780300
03-30 10-20 INFO     >> Global Model Train accuracy: 0.791540
03-30 10-20 INFO     >> Global Model Test accuracy: 0.784900
03-30 10-34 INFO     >> Global Model Train accuracy: 0.800220
03-30 10-34 INFO     >> Global Model Test accuracy: 0.795700
03-30 10-47 INFO     >> Global Model Train accuracy: 0.803600
03-30 10-47 INFO     >> Global Model Test accuracy: 0.796600
03-30 11-01 INFO     >> Global Model Train accuracy: 0.811780
03-30 11-01 INFO     >> Global Model Test accuracy: 0.803000
03-30 11-14 INFO     >> Global Model Train accuracy: 0.819260
03-30 11-14 INFO     >> Global Model Test accuracy: 0.812300
03-30 11-28 INFO     >> Global Model Train accuracy: 0.821280
03-30 11-28 INFO     >> Global Model Test accuracy: 0.809800
03-30 11-41 INFO     >> Global Model Train accuracy: 0.831360
03-30 11-41 INFO     >> Global Model Test accuracy: 0.819900
03-30 11-55 INFO     >> Global Model Train accuracy: 0.834060
03-30 11-55 INFO     >> Global Model Test accuracy: 0.821300
03-30 12-08 INFO     >> Global Model Train accuracy: 0.840740
03-30 12-08 INFO     >> Global Model Test accuracy: 0.827800
03-30 12-22 INFO     >> Global Model Train accuracy: 0.845240
03-30 12-22 INFO     >> Global Model Test accuracy: 0.830300
03-30 12-35 INFO     >> Global Model Train accuracy: 0.846220
03-30 12-35 INFO     >> Global Model Test accuracy: 0.833100
03-30 12-49 INFO     >> Global Model Train accuracy: 0.847700
03-30 12-49 INFO     >> Global Model Test accuracy: 0.833900
03-30 13-02 INFO     >> Global Model Train accuracy: 0.852340
03-30 13-02 INFO     >> Global Model Test accuracy: 0.836200
03-30 13-15 INFO     >> Global Model Train accuracy: 0.855440
03-30 13-15 INFO     >> Global Model Test accuracy: 0.838500
03-30 13-29 INFO     >> Global Model Train accuracy: 0.859640
03-30 13-29 INFO     >> Global Model Test accuracy: 0.841000
03-30 13-42 INFO     >> Global Model Train accuracy: 0.864140
03-30 13-42 INFO     >> Global Model Test accuracy: 0.846100
03-30 13-56 INFO     >> Global Model Train accuracy: 0.867700
03-30 13-56 INFO     >> Global Model Test accuracy: 0.845200
>> Global Model Train accuracy: 0.871040
>> Global Model Test accuracy: 0.847500
>> Global Model Train accuracy: 0.870140
>> Global Model Test accuracy: 0.848200
>> Global Model Train accuracy: 0.874340
>> Global Model Test accuracy: 0.850500
>> Global Model Train accuracy: 0.877160
>> Global Model Test accuracy: 0.850600
>> Global Model Train accuracy: 0.876780
>> Global Model Test accuracy: 0.851400
>> Global Model Train accuracy: 0.881540
>> Global Model Test accuracy: 0.854700
>> Global Model Train accuracy: 0.882780
>> Global Model Test accuracy: 0.851700
>> Global Model Train accuracy: 0.884100
>> Global Model Test accuracy: 0.852300
>> Global Model Train accuracy: 0.884820
>> Global Model Test accuracy: 0.855100