04-01 05-34 INFO     cuda
04-01 05-34 INFO     ####################################################################################################
04-01 05-34 INFO     Partitioning data
04-01 05-44 INFO     Data statistics: {0: {0: 208, 1: 208, 2: 136, 3: 190, 4: 176, 5: 134, 6: 150, 7: 128, 8: 106, 9: 113}, 1: {0: 168, 1: 143, 2: 171, 3: 146, 4: 154, 5: 185, 6: 195, 7: 157, 8: 180, 9: 242}, 2: {0: 213, 1: 157, 2: 220, 3: 219, 4: 203, 5: 146, 6: 173, 7: 199, 8: 166, 9: 49}, 3: {0: 139, 1: 188, 2: 137, 3: 280, 4: 144, 5: 174, 6: 169, 7: 210, 8: 227, 9: 51}, 4: {0: 179, 1: 107, 2: 126, 3: 148, 4: 220, 5: 215, 6: 168, 7: 206, 8: 162, 9: 166}, 5: {0: 158, 1: 107, 2: 127, 3: 143, 4: 122, 5: 139, 6: 191, 7: 120, 8: 200, 9: 148}, 6: {0: 173, 1: 173, 2: 194, 3: 191, 4: 107, 5: 152, 6: 137, 7: 139, 8: 121, 9: 161}, 7: {0: 177, 1: 151, 2: 237, 3: 203, 4: 130, 5: 136, 6: 187, 7: 169, 8: 156, 9: 145}, 8: {0: 252, 1: 119, 2: 156, 3: 250, 4: 147, 5: 281, 6: 206, 7: 171, 8: 66, 9: 50}, 9: {0: 180, 1: 151, 2: 129, 3: 135, 4: 165, 5: 126, 6: 126, 7: 117, 8: 178, 9: 171}, 10: {0: 210, 1: 134, 2: 192, 3: 154, 4: 121, 5: 113, 6: 164, 7: 101, 8: 129, 9: 144}, 11: {0: 170, 1: 229, 2: 221, 3: 131, 4: 188, 5: 196, 6: 174, 7: 173, 8: 185, 9: 236}, 12: {0: 201, 1: 135, 2: 161, 3: 202, 4: 229, 5: 114, 6: 214, 7: 180, 8: 200, 9: 73}, 13: {0: 102, 1: 204, 2: 214, 3: 168, 4: 174, 5: 130, 6: 133, 7: 125, 8: 216, 9: 195}, 14: {0: 275, 1: 239, 2: 201, 3: 166, 4: 203, 5: 153, 6: 157, 7: 126, 8: 135, 9: 272}, 15: {0: 134, 1: 185, 2: 189, 3: 130, 4: 170, 5: 230, 6: 143, 7: 125, 8: 142, 9: 146}, 16: {0: 186, 1: 110, 2: 155, 3: 199, 4: 178, 5: 144, 6: 203, 7: 156, 8: 250, 9: 215}, 17: {0: 189, 1: 190, 2: 150, 3: 120, 4: 194, 5: 75, 6: 133, 7: 194, 8: 169, 9: 199}, 18: {0: 202, 1: 123, 2: 143, 3: 190, 4: 154, 5: 138, 6: 130, 7: 240, 8: 148, 9: 179}, 19: {0: 186, 1: 131, 2: 190, 3: 149, 4: 132, 5: 259, 6: 198, 7: 83, 8: 119, 9: 205}, 20: {0: 153, 1: 246, 2: 196, 3: 202, 4: 171, 5: 106, 6: 111, 7: 171, 8: 143, 9: 146}, 21: {0: 165, 1: 230, 2: 231, 3: 206, 4: 164, 5: 139, 6: 180, 7: 242, 8: 172, 9: 48}, 22: {0: 218, 1: 147, 2: 152, 3: 115, 4: 226, 5: 117, 6: 153, 7: 285, 8: 229, 9: 52}, 23: {0: 183, 1: 130, 2: 155, 3: 147, 4: 217, 5: 193, 6: 141, 7: 152, 8: 184, 9: 218}, 24: {0: 138, 1: 217, 2: 142, 3: 122, 4: 104, 5: 232, 6: 189, 7: 132, 8: 135, 9: 282}, 25: {0: 165, 1: 107, 2: 142, 3: 141, 4: 115, 5: 171, 6: 131, 7: 120, 8: 133, 9: 183}, 26: {0: 152, 1: 179, 2: 165, 3: 166, 4: 185, 5: 136, 6: 130, 7: 178, 8: 185, 9: 286}, 27: {0: 145, 1: 117, 2: 143, 3: 150, 4: 160, 5: 107, 6: 186, 7: 108, 8: 212, 9: 190}, 28: {0: 225, 1: 175, 2: 151, 3: 176, 4: 198, 5: 197, 6: 279, 7: 190, 8: 176, 9: 64}, 29: {0: 153, 1: 200, 2: 152, 3: 142, 4: 136, 5: 147, 6: 174, 7: 175, 8: 142, 9: 246}}
04-01 05-44 INFO     Initializing nets
04-01 05-59 INFO     >> Global Model Train accuracy: 0.100000
04-01 05-59 INFO     >> Global Model Test accuracy: 0.100000
04-01 06-13 INFO     >> Global Model Train accuracy: 0.100000
04-01 06-13 INFO     >> Global Model Test accuracy: 0.100000
04-01 06-28 INFO     >> Global Model Train accuracy: 0.100000
04-01 06-28 INFO     >> Global Model Test accuracy: 0.100000
04-01 06-43 INFO     >> Global Model Train accuracy: 0.124200
04-01 06-43 INFO     >> Global Model Test accuracy: 0.124200
04-01 06-57 INFO     >> Global Model Train accuracy: 0.136280
04-01 06-57 INFO     >> Global Model Test accuracy: 0.136300
04-01 07-12 INFO     >> Global Model Train accuracy: 0.237180
04-01 07-12 INFO     >> Global Model Test accuracy: 0.257900
04-01 07-27 INFO     >> Global Model Train accuracy: 0.324740
04-01 07-27 INFO     >> Global Model Test accuracy: 0.357500
04-01 07-41 INFO     >> Global Model Train accuracy: 0.401500
04-01 07-41 INFO     >> Global Model Test accuracy: 0.429900
04-01 07-56 INFO     >> Global Model Train accuracy: 0.441400
04-01 07-56 INFO     >> Global Model Test accuracy: 0.468700
04-01 08-10 INFO     >> Global Model Train accuracy: 0.457160
04-01 08-10 INFO     >> Global Model Test accuracy: 0.485000
04-01 08-25 INFO     >> Global Model Train accuracy: 0.486900
04-01 08-25 INFO     >> Global Model Test accuracy: 0.511200
04-01 08-39 INFO     >> Global Model Train accuracy: 0.501520
04-01 08-39 INFO     >> Global Model Test accuracy: 0.527300
04-01 08-54 INFO     >> Global Model Train accuracy: 0.531880
04-01 08-54 INFO     >> Global Model Test accuracy: 0.555400
04-01 09-08 INFO     >> Global Model Train accuracy: 0.534280
04-01 09-08 INFO     >> Global Model Test accuracy: 0.561300
04-01 09-23 INFO     >> Global Model Train accuracy: 0.567960
04-01 09-23 INFO     >> Global Model Test accuracy: 0.588400
04-01 09-37 INFO     >> Global Model Train accuracy: 0.587180
04-01 09-37 INFO     >> Global Model Test accuracy: 0.602500
04-01 09-52 INFO     >> Global Model Train accuracy: 0.614860
04-01 09-52 INFO     >> Global Model Test accuracy: 0.624200
04-01 10-06 INFO     >> Global Model Train accuracy: 0.631280
04-01 10-06 INFO     >> Global Model Test accuracy: 0.639900
04-01 10-21 INFO     >> Global Model Train accuracy: 0.643160
04-01 10-21 INFO     >> Global Model Test accuracy: 0.649200
04-01 10-35 INFO     >> Global Model Train accuracy: 0.660960
04-01 10-35 INFO     >> Global Model Test accuracy: 0.667700
04-01 10-49 INFO     >> Global Model Train accuracy: 0.669420
04-01 10-49 INFO     >> Global Model Test accuracy: 0.677400
04-01 11-04 INFO     >> Global Model Train accuracy: 0.680380
04-01 11-04 INFO     >> Global Model Test accuracy: 0.681000
04-01 11-18 INFO     >> Global Model Train accuracy: 0.692820
04-01 11-18 INFO     >> Global Model Test accuracy: 0.697100
04-01 11-33 INFO     >> Global Model Train accuracy: 0.698760
04-01 11-33 INFO     >> Global Model Test accuracy: 0.698400
04-01 11-47 INFO     >> Global Model Train accuracy: 0.709580
04-01 11-47 INFO     >> Global Model Test accuracy: 0.714200
04-01 12-02 INFO     >> Global Model Train accuracy: 0.723280
04-01 12-02 INFO     >> Global Model Test accuracy: 0.726800
04-01 12-16 INFO     >> Global Model Train accuracy: 0.731820
04-01 12-16 INFO     >> Global Model Test accuracy: 0.733700
04-01 12-31 INFO     >> Global Model Train accuracy: 0.737420
04-01 12-31 INFO     >> Global Model Test accuracy: 0.737500
04-01 12-45 INFO     >> Global Model Train accuracy: 0.744520
04-01 12-45 INFO     >> Global Model Test accuracy: 0.738500
04-01 13-00 INFO     >> Global Model Train accuracy: 0.749920
04-01 13-00 INFO     >> Global Model Test accuracy: 0.750500
04-01 13-14 INFO     >> Global Model Train accuracy: 0.761060
04-01 13-14 INFO     >> Global Model Test accuracy: 0.756200
04-01 13-28 INFO     >> Global Model Train accuracy: 0.766100
04-01 13-28 INFO     >> Global Model Test accuracy: 0.762700
04-01 13-43 INFO     >> Global Model Train accuracy: 0.775500
04-01 13-43 INFO     >> Global Model Test accuracy: 0.773200
04-01 13-57 INFO     >> Global Model Train accuracy: 0.781520
04-01 13-57 INFO     >> Global Model Test accuracy: 0.777400
04-01 14-12 INFO     >> Global Model Train accuracy: 0.783460
04-01 14-12 INFO     >> Global Model Test accuracy: 0.778700
04-01 14-26 INFO     >> Global Model Train accuracy: 0.791400
04-01 14-26 INFO     >> Global Model Test accuracy: 0.786100
04-01 14-40 INFO     >> Global Model Train accuracy: 0.796960
04-01 14-40 INFO     >> Global Model Test accuracy: 0.792700
04-01 14-55 INFO     >> Global Model Train accuracy: 0.802940
04-01 14-55 INFO     >> Global Model Test accuracy: 0.796000
04-01 15-09 INFO     >> Global Model Train accuracy: 0.809760
04-01 15-09 INFO     >> Global Model Test accuracy: 0.802700
04-01 15-24 INFO     >> Global Model Train accuracy: 0.812680
04-01 15-24 INFO     >> Global Model Test accuracy: 0.808900
>> Global Model Train accuracy: 0.816700
>> Global Model Test accuracy: 0.811700
>> Global Model Train accuracy: 0.820280
>> Global Model Test accuracy: 0.812800
>> Global Model Train accuracy: 0.823400
>> Global Model Test accuracy: 0.813500
>> Global Model Train accuracy: 0.825120
>> Global Model Test accuracy: 0.816500
>> Global Model Train accuracy: 0.830060
>> Global Model Test accuracy: 0.822900
>> Global Model Train accuracy: 0.834860
>> Global Model Test accuracy: 0.826800
>> Global Model Train accuracy: 0.833380
>> Global Model Test accuracy: 0.827000
>> Global Model Train accuracy: 0.832100
>> Global Model Test accuracy: 0.822200
>> Global Model Train accuracy: 0.841160
>> Global Model Test accuracy: 0.827500
>> Global Model Train accuracy: 0.843440
>> Global Model Test accuracy: 0.829800